<?xml version="1.0" encoding="UTF-8"?>
<testng-results skipped="0" failed="0" ignored="0" total="1" passed="1">
  <reporter-output>
  </reporter-output>
  <suite name="Suite" duration-ms="36028" started-at="2018-11-16T12:13:17Z" finished-at="2018-11-16T12:13:53Z">
    <groups>
    </groups>
    <test name="Test" duration-ms="36028" started-at="2018-11-16T12:13:17Z" finished-at="2018-11-16T12:13:53Z">
      <class name="scripts.Validlogin">
        <test-method status="PASS" signature="open()[pri:0, instance:scripts.Validlogin@1440df3]" name="open" is-config="true" duration-ms="13115" started-at="2018-11-16T12:13:17Z" finished-at="2018-11-16T12:13:30Z">
          <reporter-output>
          </reporter-output>
        </test-method> <!-- open -->
        <test-method status="PASS" signature="login()[pri:0, instance:scripts.Validlogin@1440df3]" name="login" duration-ms="20456" started-at="2018-11-16T12:13:30Z" finished-at="2018-11-16T12:13:51Z">
          <reporter-output>
          </reporter-output>
        </test-method> <!-- login -->
        <test-method status="PASS" signature="cloaseapp(org.testng.ITestResult)[pri:0, instance:scripts.Validlogin@1440df3]" name="cloaseapp" is-config="true" duration-ms="2396" started-at="2018-11-16T12:13:51Z" finished-at="2018-11-16T12:13:53Z">
          <params>
            <param index="0">
              <value>
                <![CDATA[[TestResult name=login status=SUCCESS method=Validlogin.login()[pri:0, instance:scripts.Validlogin@1440df3] output={null}]]]>
              </value>
            </param>
          </params>
          <reporter-output>
          </reporter-output>
        </test-method> <!-- cloaseapp -->
      </class> <!-- scripts.Validlogin -->
    </test> <!-- Test -->
  </suite> <!-- Suite -->
</testng-results>
